<?xml version="1.0" encoding="UTF-8"?>
<!-- Generated by org.testng.reporters.JUnitReportReporter -->
<testsuite hostname="TK-LPT-1091.local" failures="0" tests="1" name="tests.calculatorpage.ShipmentQuoteCalculator" time="119.168" errors="0" timestamp="08 Jan 2025 06:06:46 GMT" skipped="0">
  <testcase classname="tests.calculatorpage.ShipmentQuoteCalculator" name="verifyShipmentQuotes" time="119.168"/>
</testsuite> <!-- tests.calculatorpage.ShipmentQuoteCalculator -->
