<?xml version="1.0" encoding="UTF-8"?>
<!-- Generated by org.testng.reporters.JUnitReportReporter -->
<testsuite hostname="TK-LPT-1091.local" failures="0" tests="1" name="tests.calculatorpage.ShipmentQuoteCalculator" time="123.173" errors="0" timestamp="2025-01-08T13:39:28 PKT" skipped="0">
  <testcase classname="tests.calculatorpage.ShipmentQuoteCalculator" name="verifyShipmentQuotes" time="123.173"/>
</testsuite> <!-- tests.calculatorpage.ShipmentQuoteCalculator -->
